* using log directory 'C:/Users/Kitty/Documents/GitHub/stats290-final-project/stat290.finalproject.Rcheck'
* using R version 3.5.2 (2018-12-20)
* using platform: x86_64-w64-mingw32 (64-bit)
* using session charset: ISO8859-1
* using options '--no-manual --as-cran'
* checking for file 'stat290.finalproject/DESCRIPTION' ... OK
* this is package 'stat290.finalproject' version '0.0.0.9000'
* package encoding: UTF-8
* checking package namespace information ... OK
* checking package dependencies ... OK
* checking if this is a source package ... OK
* checking if there is a namespace ... OK
* checking for executable files ... OK
* checking for hidden files and directories ... OK
* checking for portable file names ... OK
* checking serialization versions ... OK
* checking whether package 'stat290.finalproject' can be installed ... OK
* checking installed package size ... OK
* checking package directory ... OK
* checking DESCRIPTION meta-information ... OK
* checking top-level files ... OK
* checking for left-over files ... OK
* checking index information ... OK
* checking package subdirectories ... OK
* checking R files for non-ASCII characters ... WARNING
Found the following file with non-ASCII characters:
  get_map.R
Portable packages must use only ASCII characters in their R code,
except perhaps in comments.
Use \uxxxx escapes for other characters.
* checking R files for syntax errors ... OK
* checking whether the package can be loaded ... OK
* checking whether the package can be loaded with stated dependencies ... OK
* checking whether the package can be unloaded cleanly ... OK
* checking whether the namespace can be loaded with stated dependencies ... OK
* checking whether the namespace can be unloaded cleanly ... OK
* checking loading without being on the library search path ... OK
* checking dependencies in R code ... OK
* checking S3 generic/method consistency ... OK
* checking replacement functions ... OK
* checking foreign function calls ... OK
* checking R code for possible problems ... NOTE
history_humidity_daily: no visible binding for global variable
  'history_weather_tbl'
history_humidity_daily: no visible binding for global variable
  'humidity_min'
history_humidity_daily: no visible binding for global variable
  'humidity_max'
history_humidity_daily: no visible binding for global variable
  'humidity'
history_humidity_daily: no visible binding for global variable 'metric'
history_humidity_daily: no visible binding for global variable '.'
history_humidity_month: no visible binding for global variable
  'history_weather_tbl'
history_humidity_month: no visible binding for global variable 'month'
history_humidity_month: no visible binding for global variable
  'humidity_min'
history_humidity_month: no visible binding for global variable
  'humidity_max'
history_humidity_month: no visible binding for global variable
  'humidity'
history_humidity_month: no visible binding for global variable 'metric'
history_humidity_month: no visible binding for global variable '.'
history_temp_daily: no visible binding for global variable
  'history_weather_tbl'
history_temp_daily: no visible binding for global variable 'temp_min'
history_temp_daily: no visible binding for global variable 'temp_max'
history_temp_daily: no visible binding for global variable 'temp'
history_temp_daily: no visible binding for global variable 'metric'
history_temp_daily: no visible binding for global variable
  'temperature'
history_temp_daily: no visible binding for global variable '.'
history_temp_month: no visible binding for global variable
  'history_weather_tbl'
history_temp_month: no visible binding for global variable 'month'
history_temp_month: no visible binding for global variable 'temp_min'
history_temp_month: no visible binding for global variable 'temp_max'
history_temp_month: no visible binding for global variable 'temp'
history_temp_month: no visible binding for global variable 'metric'
history_temp_month: no visible binding for global variable
  'temperature'
history_temp_month: no visible binding for global variable '.'
history_weather: no visible binding for global variable 'pws'
history_weather: no visible binding for global variable 'location_city'
history_weather: no visible binding for global variable 'id'
history_weather: no visible binding for global variable 'lon'
history_weather: no visible binding for global variable 'lat'
history_weather: no visible binding for global variable 'weather_pws'
history_weather: no visible binding for global variable 'temp'
history_weather: no visible binding for global variable 'temp_min'
history_weather: no visible binding for global variable 'temp_max'
history_weather: no visible binding for global variable 'humidity'
history_weather: no visible binding for global variable 'humidity_min'
history_weather: no visible binding for global variable 'humidity_max'
history_weather: no visible binding for global variable 'wind_dir'
history_weather: no visible binding for global variable
  'wind_dir_degrees'
history_weather: no visible binding for global variable 'wind_speed'
history_weather: no visible binding for global variable
  'wind_speed_max'
history_weather: no visible binding for global variable
  'wind_gust_speed'
history_weather: no visible binding for global variable
  'wind_gust_speed_max'
nearby_pws_city: no visible binding for global variable 'pws'
nearby_pws_city: no visible binding for global variable 'location_city'
nearby_pws_city: no visible binding for global variable 'id'
nearby_pws_city: no visible binding for global variable 'lon'
nearby_pws_city: no visible binding for global variable 'lat'
nearby_pws_city: no visible binding for global variable 'weather_pws'
nearby_pws_city: no visible binding for global variable 'temp'
nearby_pws_city: no visible binding for global variable 'humidity'
nearby_pws_city: no visible binding for global variable 'wind_dir'
nearby_pws_city: no visible binding for global variable
  'wind_dir_degrees'
nearby_pws_city: no visible binding for global variable 'wind_speed'
nearby_pws_coordinates: no visible binding for global variable 'pws'
nearby_pws_coordinates: no visible binding for global variable 'id'
nearby_pws_coordinates: no visible binding for global variable
  'weather_pws'
nearby_pws_coordinates: no visible binding for global variable 'temp'
nearby_pws_coordinates: no visible binding for global variable
  'humidity'
nearby_pws_coordinates: no visible binding for global variable
  'wind_dir'
nearby_pws_coordinates: no visible binding for global variable
  'wind_dir_degrees'
nearby_pws_coordinates: no visible binding for global variable
  'wind_speed'
weather_map: no visible binding for global variable 'pws_id_selected'
weather_map: no visible binding for global variable 'lon'
weather_map: no visible binding for global variable 'lat'
weather_map: no visible binding for global variable 'temp'
Undefined global functions or variables:
  . history_weather_tbl humidity humidity_max humidity_min id lat
  location_city lon metric month pws pws_id_selected temp temp_max
  temp_min temperature weather_pws wind_dir wind_dir_degrees
  wind_gust_speed wind_gust_speed_max wind_speed wind_speed_max
* checking Rd files ... OK
* checking Rd metadata ... OK
* checking Rd line widths ... OK
* checking Rd cross-references ... OK
* checking for missing documentation entries ... OK
* checking for code/documentation mismatches ... OK
* checking Rd \usage sections ... OK
* checking Rd contents ... OK
* checking for unstated dependencies in examples ... OK
* checking contents of 'data' directory ... OK
* checking data for non-ASCII characters ... OK
* checking data for ASCII and uncompressed saves ... OK
* checking files in 'vignettes' ... WARNING
Files in the 'vignettes' directory but no files in 'inst/doc':
  '127.0.0.1.html', '127.0.0.1_files/bootstrap.min.css',
    '127.0.0.1_files/bootstrap.min.js.download',
    '127.0.0.1_files/html5shiv.min.js.download',
    '127.0.0.1_files/jquery.min.js.download',
    '127.0.0.1_files/json2-min.js.download',
    '127.0.0.1_files/respond.min.js.download',
    '127.0.0.1_files/selectize.bootstrap3.css',
    '127.0.0.1_files/selectize.min.js.download',
    '127.0.0.1_files/shiny.css',
    '127.0.0.1_files/shiny.min.js.download', 'proposal_wq.Rmd',
    'weather_vignette.Rmd', 'weather_vignette.html',
    'weather_vignette.pdf'
Files named as vignettes but with no recognized vignette engine:
   'vignettes/proposal_wq.Rmd'
   'vignettes/weather_vignette.Rmd'
(Is a VignetteBuilder field missing?)
* checking examples ... OK
* DONE
Status: 2 WARNINGs, 1 NOTE
